# JRE version: OpenJDK Runtime Environment (11.0.8+10) (build 11.0.8+10-b944.6842174)
# Java VM: OpenJDK 64-Bit Server VM (11.0.8+10-b944.6842174, mixed mode, tiered, compressed oops, g1 gc, windows-amd64)
Heap:
 garbage-first heap   total 129024K, used 101923K [0x0000000080000000, 0x0000000100000000)
  region size 1024K, 3 young (3072K), 1 survivors (1024K)
 Metaspace       used 88387K, capacity 90568K, committed 90828K, reserved 1128448K
  class space    used 11505K, capacity 12247K, committed 12288K, reserved 1048576K
GC Heap History (20 events):
Event: 67.315 GC heap before
{Heap before GC invocations=19 (full 0):
 garbage-first heap   total 129024K, used 97593K [0x0000000080000000, 0x0000000100000000)
  region size 1024K, 21 young (21504K), 3 survivors (3072K)
 Metaspace       used 78881K, capacity 80803K, committed 80972K, reserved 1120256K
  class space    used 10179K, capacity 10851K, committed 10880K, reserved 1048576K
}
Event: 67.339 GC heap after
{Heap after GC invocations=20 (full 0):
 garbage-first heap   total 129024K, used 71680K [0x0000000080000000, 0x0000000100000000)
  region size 1024K, 2 young (2048K), 2 survivors (2048K)
 Metaspace       used 78881K, capacity 80803K, committed 80972K, reserved 1120256K
  class space    used 10179K, capacity 10851K, committed 10880K, reserved 1048576K
}
Event: 76.157 GC heap before
{Heap before GC invocations=20 (full 0):
 garbage-first heap   total 129024K, used 92160K [0x0000000080000000, 0x0000000100000000)
  region size 1024K, 23 young (23552K), 2 survivors (2048K)
 Metaspace       used 79813K, capacity 81742K, committed 81868K, reserved 1120256K
  class space    used 10280K, capacity 10940K, committed 11008K, reserved 1048576K
}
Event: 76.181 GC heap after
{Heap after GC invocations=21 (full 0):
 garbage-first heap   total 129024K, used 72338K [0x0000000080000000, 0x0000000100000000)
  region size 1024K, 2 young (2048K), 2 survivors (2048K)
 Metaspace       used 79813K, capacity 81742K, committed 81868K, reserved 1120256K
  class space    used 10280K, capacity 10940K, committed 11008K, reserved 1048576K
}
Event: 77.413 GC heap before
{Heap before GC invocations=22 (full 0):
 garbage-first heap   total 129024K, used 93842K [0x0000000080000000, 0x0000000100000000)
  region size 1024K, 24 young (24576K), 2 survivors (2048K)
 Metaspace       used 81881K, capacity 83819K, committed 84172K, reserved 1122304K
  class space    used 10541K, capacity 11226K, committed 11264K, reserved 1048576K
}
Event: 77.416 GC heap after
{Heap after GC invocations=23 (full 0):
 garbage-first heap   total 129024K, used 72522K [0x0000000080000000, 0x0000000100000000)
  region size 1024K, 2 young (2048K), 2 survivors (2048K)
 Metaspace       used 81881K, capacity 83819K, committed 84172K, reserved 1122304K
  class space    used 10541K, capacity 11226K, committed 11264K, reserved 1048576K
}
Event: 77.485 GC heap before
{Heap before GC invocations=23 (full 0):
 garbage-first heap   total 129024K, used 76618K [0x0000000080000000, 0x0000000100000000)
  region size 1024K, 6 young (6144K), 2 survivors (2048K)
 Metaspace       used 82278K, capacity 84203K, committed 84556K, reserved 1122304K
  class space    used 10594K, capacity 11290K, committed 11392K, reserved 1048576K
}
Event: 77.490 GC heap after
{Heap after GC invocations=24 (full 0):
 garbage-first heap   total 129024K, used 68325K [0x0000000080000000, 0x0000000100000000)
  region size 1024K, 1 young (1024K), 1 survivors (1024K)
 Metaspace       used 82278K, capacity 84203K, committed 84556K, reserved 1122304K
  class space    used 10594K, capacity 11290K, committed 11392K, reserved 1048576K
}
Event: 87.467 GC heap before
{Heap before GC invocations=24 (full 0):
 garbage-first heap   total 129024K, used 94949K [0x0000000080000000, 0x0000000100000000)
  region size 1024K, 28 young (28672K), 1 survivors (1024K)
 Metaspace       used 83583K, capacity 85645K, committed 85964K, reserved 1124352K
  class space    used 10741K, capacity 11465K, committed 11520K, reserved 1048576K
}
Event: 87.473 GC heap after
{Heap after GC invocations=25 (full 0):
 garbage-first heap   total 129024K, used 70684K [0x0000000080000000, 0x0000000100000000)
  region size 1024K, 3 young (3072K), 3 survivors (3072K)
 Metaspace       used 83583K, capacity 85645K, committed 85964K, reserved 1124352K
  class space    used 10741K, capacity 11465K, committed 11520K, reserved 1048576K
}
Event: 100.545 GC heap before
{Heap before GC invocations=26 (full 0):
 garbage-first heap   total 129024K, used 96284K [0x0000000080000000, 0x0000000100000000)
  region size 1024K, 30 young (30720K), 3 survivors (3072K)
 Metaspace       used 83739K, capacity 85819K, committed 85964K, reserved 1124352K
  class space    used 10750K, capacity 11472K, committed 11520K, reserved 1048576K
}
Event: 100.550 GC heap after
{Heap after GC invocations=27 (full 0):
 garbage-first heap   total 129024K, used 71008K [0x0000000080000000, 0x0000000100000000)
  region size 1024K, 2 young (2048K), 2 survivors (2048K)
 Metaspace       used 83739K, capacity 85819K, committed 85964K, reserved 1124352K
  class space    used 10750K, capacity 11472K, committed 11520K, reserved 1048576K
}
Event: 100.731 GC heap before
{Heap before GC invocations=27 (full 0):
 garbage-first heap   total 129024K, used 75104K [0x0000000080000000, 0x0000000100000000)
  region size 1024K, 6 young (6144K), 2 survivors (2048K)
 Metaspace       used 83759K, capacity 85819K, committed 85964K, reserved 1124352K
  class space    used 10753K, capacity 11472K, committed 11520K, reserved 1048576K
}
Event: 100.734 GC heap after
{Heap after GC invocations=28 (full 0):
 garbage-first heap   total 129024K, used 68137K [0x0000000080000000, 0x0000000100000000)
  region size 1024K, 1 young (1024K), 1 survivors (1024K)
 Metaspace       used 83759K, capacity 85819K, committed 85964K, reserved 1124352K
  class space    used 10753K, capacity 11472K, committed 11520K, reserved 1048576K
}
Event: 118.657 GC heap before
{Heap before GC invocations=28 (full 0):
 garbage-first heap   total 129024K, used 84521K [0x0000000080000000, 0x0000000100000000)
  region size 1024K, 19 young (19456K), 1 survivors (1024K)
 Metaspace       used 84091K, capacity 86141K, committed 86220K, reserved 1124352K
  class space    used 10786K, capacity 11483K, committed 11520K, reserved 1048576K
}
Event: 118.660 GC heap after
{Heap after GC invocations=29 (full 0):
 garbage-first heap   total 129024K, used 68525K [0x0000000080000000, 0x0000000100000000)
  region size 1024K, 1 young (1024K), 1 survivors (1024K)
 Metaspace       used 84091K, capacity 86141K, committed 86220K, reserved 1124352K
  class space    used 10786K, capacity 11483K, committed 11520K, reserved 1048576K
}
Event: 119.379 GC heap before
{Heap before GC invocations=30 (full 0):
 garbage-first heap   total 129024K, used 69549K [0x0000000080000000, 0x0000000100000000)
  region size 1024K, 2 young (2048K), 1 survivors (1024K)
 Metaspace       used 84103K, capacity 86153K, committed 86220K, reserved 1124352K
  class space    used 10787K, capacity 11485K, committed 11520K, reserved 1048576K
}
Event: 119.381 GC heap after
{Heap after GC invocations=31 (full 0):
 garbage-first heap   total 129024K, used 69677K [0x0000000080000000, 0x0000000100000000)
  region size 1024K, 1 young (1024K), 1 survivors (1024K)
 Metaspace       used 84103K, capacity 86153K, committed 86220K, reserved 1124352K
  class space    used 10787K, capacity 11485K, committed 11520K, reserved 1048576K
}
Event: 122.731 GC heap before
{Heap before GC invocations=32 (full 0):
 garbage-first heap   total 129024K, used 72749K [0x0000000080000000, 0x0000000100000000)
  region size 1024K, 5 young (5120K), 1 survivors (1024K)
 Metaspace       used 84160K, capacity 86213K, committed 86476K, reserved 1124352K
  class space    used 10793K, capacity 11495K, committed 11520K, reserved 1048576K
}
Event: 122.733 GC heap after
{Heap after GC invocations=33 (full 0):
 garbage-first heap   total 129024K, used 73178K [0x0000000080000000, 0x0000000100000000)
  region size 1024K, 3 young (3072K), 3 survivors (3072K)
 Metaspace       used 84160K, capacity 86213K, committed 86476K, reserved 1124352K
  class space    used 10793K, capacity 11495K, committed 11520K, reserved 1048576K
}

